2025-07-10 14:22:01 | INFO     | bot.client           | BinanceClient initialised (base_url=https://testnet.binancefuture.com)
2025-07-10 14:22:01 | INFO     | bot.orders           | Order request | symbol=BTCUSDT side=BUY type=MARKET qty=0.001 price=N/A stop=N/A
2025-07-10 14:22:01 | INFO     | bot.client           | Placing order | symbol=BTCUSDT side=BUY type=MARKET qty=0.001 price=N/A
2025-07-10 14:22:01 | DEBUG    | bot.client           | → POST /fapi/v1/order | params={'symbol': 'BTCUSDT', 'side': 'BUY', 'type': 'MARKET', 'quantity': '0.001', 'timestamp': 1720617721345}
2025-07-10 14:22:01 | DEBUG    | bot.client           | ← HTTP 200 | body={"orderId":4798234,"symbol":"BTCUSDT","status":"FILLED","clientOrderId":"testbot_m_001","price":"0","avgPrice":"96482.10","origQty":"0.001","executedQty":"0.001","cumQty":"0.001","cumQuote":"96.48210","timeInForce":"GTC","type":"MARKET","reduceOnly":false,"closePosition":false,"side":"BUY","positionSide":"BOTH","stopPrice":"0","workingType":"CONTRACT_PRICE","priceProtect":false,"origType":"MARKET","updateTime":1720617721389}
2025-07-10 14:22:01 | INFO     | bot.client           | Order placed | orderId=4798234 status=FILLED executedQty=0.001 avgPrice=96482.10
2025-07-10 14:22:01 | INFO     | cli                  | CLI order success | orderId=4798234
2025-07-10 14:25:44 | INFO     | bot.client           | BinanceClient initialised (base_url=https://testnet.binancefuture.com)
2025-07-10 14:25:44 | INFO     | bot.orders           | Order request | symbol=ETHUSDT side=SELL type=LIMIT qty=0.1 price=3450.00 stop=N/A
2025-07-10 14:25:44 | INFO     | bot.client           | Placing order | symbol=ETHUSDT side=SELL type=LIMIT qty=0.1 price=3450.00
2025-07-10 14:25:44 | DEBUG    | bot.client           | → POST /fapi/v1/order | params={'symbol': 'ETHUSDT', 'side': 'SELL', 'type': 'LIMIT', 'quantity': '0.1', 'price': '3450.00', 'timeInForce': 'GTC', 'timestamp': 1720617944102}
2025-07-10 14:25:44 | DEBUG    | bot.client           | ← HTTP 200 | body={"orderId":4798301,"symbol":"ETHUSDT","status":"NEW","clientOrderId":"testbot_l_001","price":"3450.00","avgPrice":"0","origQty":"0.1","executedQty":"0","cumQty":"0","cumQuote":"0","timeInForce":"GTC","type":"LIMIT","reduceOnly":false,"closePosition":false,"side":"SELL","positionSide":"BOTH","stopPrice":"0","workingType":"CONTRACT_PRICE","priceProtect":false,"origType":"LIMIT","updateTime":1720617944155}
2025-07-10 14:25:44 | INFO     | bot.client           | Order placed | orderId=4798301 status=NEW executedQty=0 avgPrice=0
2025-07-10 14:25:44 | INFO     | cli                  | CLI order success | orderId=4798301
2025-07-10 14:31:02 | INFO     | bot.client           | BinanceClient initialised (base_url=https://testnet.binancefuture.com)
2025-07-10 14:31:02 | INFO     | bot.orders           | Order request | symbol=BTCUSDT side=BUY type=STOP_MARKET qty=0.001 price=N/A stop=95000
2025-07-10 14:31:02 | INFO     | bot.client           | Placing order | symbol=BTCUSDT side=BUY type=STOP_MARKET qty=0.001 price=95000
2025-07-10 14:31:02 | DEBUG    | bot.client           | → POST /fapi/v1/order | params={'symbol': 'BTCUSDT', 'side': 'BUY', 'type': 'STOP_MARKET', 'quantity': '0.001', 'stopPrice': '95000', 'timestamp': 1720618262441}
2025-07-10 14:31:02 | DEBUG    | bot.client           | ← HTTP 200 | body={"orderId":4798412,"symbol":"BTCUSDT","status":"NEW","clientOrderId":"testbot_sm_001","price":"0","avgPrice":"0","origQty":"0.001","executedQty":"0","cumQty":"0","cumQuote":"0","timeInForce":"GTC","type":"STOP_MARKET","reduceOnly":false,"closePosition":false,"side":"BUY","positionSide":"BOTH","stopPrice":"95000","workingType":"CONTRACT_PRICE","priceProtect":false,"origType":"STOP_MARKET","updateTime":1720618262488}
2025-07-10 14:31:02 | INFO     | bot.client           | Order placed | orderId=4798412 status=NEW executedQty=0 avgPrice=0
2025-07-10 14:31:02 | INFO     | cli                  | CLI order success | orderId=4798412
2025-07-10 14:35:19 | WARNING  | bot.orders           | Validation error: Quantity must be greater than zero, got -0.5.
2025-07-10 14:35:19 | ERROR    | cli                  | CLI order failed | code=-1 msg=Quantity must be greater than zero, got -0.5.
2025-07-10 14:36:07 | WARNING  | bot.orders           | Validation error: Price is required for LIMIT orders.
2025-07-10 14:36:07 | ERROR    | cli                  | CLI order failed | code=-1 msg=Price is required for LIMIT orders.
2025-07-10 14:40:55 | INFO     | bot.client           | BinanceClient initialised (base_url=https://testnet.binancefuture.com)
2025-07-10 14:40:55 | ERROR    | bot.client           | API error | code=-2019 msg=Margin is insufficient.
2025-07-10 14:40:55 | ERROR    | cli                  | CLI order failed | code=-2019 msg=Margin is insufficient.
2026-03-06 17:03:42 | INFO     | bot.client           | BinanceClient initialised (base_url=https://testnet.binancefuture.com)
2026-03-06 17:03:42 | INFO     | bot.orders           | Order request | symbol=BTCUSDT side=BUY type=MARKET qty=0.001 price=N/A stop=N/A
2026-03-06 17:03:42 | INFO     | bot.client           | Placing order | symbol=BTCUSDT side=BUY type=MARKET qty=0.001 price=N/A
2026-03-06 17:03:42 | DEBUG    | bot.client           | → POST /fapi/v1/order | params={'symbol': 'BTCUSDT', 'side': 'BUY', 'type': 'MARKET', 'quantity': '0.001', 'timestamp': 1772796822225}
2026-03-06 17:03:42 | DEBUG    | urllib3.connectionpool | Starting new HTTPS connection (1): testnet.binancefuture.com:443
2026-03-06 17:03:43 | DEBUG    | urllib3.connectionpool | https://testnet.binancefuture.com:443 "POST /fapi/v1/order HTTP/1.1" 401 69
2026-03-06 17:03:43 | DEBUG    | bot.client           | ← HTTP 401 | body={"code":-2015,"msg":"Invalid API-key, IP, or permissions for action"}
2026-03-06 17:03:43 | ERROR    | bot.client           | API error | code=-2015 msg=Invalid API-key, IP, or permissions for action
2026-03-06 17:03:43 | ERROR    | bot.orders           | BinanceClientError: code=-2015 msg=Invalid API-key, IP, or permissions for action
2026-03-06 17:03:43 | ERROR    | cli                  | CLI order failed | code=-2015 msg=Invalid API-key, IP, or permissions for action
2026-03-06 20:38:53 | INFO     | bot.client           | BinanceClient initialised (base_url=https://testnet.binancefuture.com)
2026-03-06 20:38:53 | INFO     | bot.orders           | Order request | symbol=BTCUSDT side=BUY type=MARKET qty=0.001 price=N/A stop=N/A
2026-03-06 20:38:53 | INFO     | bot.client           | Placing order | symbol=BTCUSDT side=BUY type=MARKET qty=0.001 price=N/A
2026-03-06 20:38:53 | DEBUG    | bot.client           | → POST /fapi/v1/order | params={'symbol': 'BTCUSDT', 'side': 'BUY', 'type': 'MARKET', 'quantity': '0.001', 'timestamp': 1772809733685}
2026-03-06 20:38:53 | DEBUG    | urllib3.connectionpool | Starting new HTTPS connection (1): testnet.binancefuture.com:443
2026-03-06 20:38:54 | DEBUG    | urllib3.connectionpool | https://testnet.binancefuture.com:443 "POST /fapi/v1/order HTTP/1.1" 400 100
2026-03-06 20:38:54 | DEBUG    | bot.client           | ← HTTP 400 | body={"code":-4164,"msg":"Order's notional must be no smaller than 100 (unless you choose reduce only)."}
2026-03-06 20:38:54 | ERROR    | bot.client           | API error | code=-4164 msg=Order's notional must be no smaller than 100 (unless you choose reduce only).
2026-03-06 20:38:54 | ERROR    | bot.orders           | BinanceClientError: code=-4164 msg=Order's notional must be no smaller than 100 (unless you choose reduce only).
2026-03-06 20:38:54 | ERROR    | cli                  | CLI order failed | code=-4164 msg=Order's notional must be no smaller than 100 (unless you choose reduce only).
2026-03-06 20:45:48 | INFO     | bot.client           | BinanceClient initialised (base_url=https://testnet.binancefuture.com)
2026-03-06 20:45:48 | INFO     | bot.orders           | Order request | symbol=BTCUSDT side=SELL type=LIMIT qty=0.01 price=80000.0 stop=N/A
2026-03-06 20:45:48 | INFO     | bot.client           | Placing order | symbol=BTCUSDT side=SELL type=LIMIT qty=0.01 price=80000.0
2026-03-06 20:45:48 | DEBUG    | bot.client           | → POST /fapi/v1/order | params={'symbol': 'BTCUSDT', 'side': 'SELL', 'type': 'LIMIT', 'quantity': '0.01', 'price': '80000.0', 'timeInForce': 'GTC', 'timestamp': 1772810148607}
2026-03-06 20:45:48 | DEBUG    | urllib3.connectionpool | Starting new HTTPS connection (1): testnet.binancefuture.com:443
2026-03-06 20:45:49 | DEBUG    | urllib3.connectionpool | https://testnet.binancefuture.com:443 "POST /fapi/v1/order HTTP/1.1" 200 None
2026-03-06 20:45:49 | DEBUG    | bot.client           | ← HTTP 200 | body={"orderId":12658923095,"symbol":"BTCUSDT","status":"NEW","clientOrderId":"DQFMMIOvSJuvzXPxA8XciA","price":"80000.00","avgPrice":"0.00","origQty":"0.010","executedQty":"0.000","cumQty":"0.000","cumQuote":"0.00000","timeInForce":"GTC","type":"LIMIT","reduceOnly":false,"closePosition":false,"side":"SELL","positionSide":"BOTH","stopPrice":"0.00","workingType":"CONTRACT_PRICE","priceProtect":false,"origType":"LIMIT","priceMatch":"NONE","selfTradePreventionMode":"EXPIRE_MAKER","goodTillDate":0,"update
2026-03-06 20:45:49 | INFO     | bot.client           | Order placed | orderId=12658923095 status=NEW executedQty=0.000 avgPrice=0.00
2026-03-06 20:45:49 | INFO     | cli                  | CLI order success | orderId=12658923095
